{"C:\\Users\\Rayaan Somaiah\\Desktop\\Gamified-dsa\\src\\components\\quiz\\QuizTimer.tsx": {"path":"C:\\Users\\Rayaan Somaiah\\Desktop\\Gamified-dsa\\src\\components\\quiz\\QuizTimer.tsx","statementMap":{"0":{"start":{"line":1,"column":0},"end":{"line":1,"column":51}},"1":{"start":{"line":2,"column":0},"end":{"line":2,"column":37}},"2":{"start":{"line":9,"column":44},"end":{"line":36,"column":1}},"3":{"start":{"line":10,"column":34},"end":{"line":10,"column":52}},"4":{"start":{"line":12,"column":2},"end":{"line":23,"column":27}},"5":{"start":{"line":13,"column":4},"end":{"line":16,"column":5}},"6":{"start":{"line":14,"column":6},"end":{"line":14,"column":17}},"7":{"start":{"line":15,"column":6},"end":{"line":15,"column":13}},"8":{"start":{"line":18,"column":18},"end":{"line":20,"column":12}},"9":{"start":{"line":19,"column":6},"end":{"line":19,"column":36}},"10":{"start":{"line":19,"column":26},"end":{"line":19,"column":34}},"11":{"start":{"line":22,"column":4},"end":{"line":22,"column":38}},"12":{"start":{"line":22,"column":17},"end":{"line":22,"column":37}},"13":{"start":{"line":25,"column":18},"end":{"line":25,"column":43}},"14":{"start":{"line":26,"column":18},"end":{"line":26,"column":31}},"15":{"start":{"line":28,"column":2},"end":{"line":35,"column":4}},"16":{"start":{"line":38,"column":0},"end":{"line":38,"column":25}}},"fnMap":{"0":{"name":"(anonymous_6)","decl":{"start":{"line":9,"column":44},"end":{"line":9,"column":45}},"loc":{"start":{"line":9,"column":71},"end":{"line":36,"column":1}}},"1":{"name":"(anonymous_7)","decl":{"start":{"line":12,"column":12},"end":{"line":12,"column":15}},"loc":{"start":{"line":12,"column":17},"end":{"line":23,"column":3}}},"2":{"name":"(anonymous_8)","decl":{"start":{"line":18,"column":30},"end":{"line":18,"column":33}},"loc":{"start":{"line":18,"column":35},"end":{"line":20,"column":5}}},"3":{"name":"(anonymous_9)","decl":{"start":{"line":19,"column":18},"end":{"line":19,"column":22}},"loc":{"start":{"line":19,"column":26},"end":{"line":19,"column":34}}},"4":{"name":"(anonymous_10)","decl":{"start":{"line":22,"column":11},"end":{"line":22,"column":14}},"loc":{"start":{"line":22,"column":17},"end":{"line":22,"column":37}}}},"branchMap":{"0":{"loc":{"start":{"line":13,"column":4},"end":{"line":16,"column":5}},"type":"if","locations":[{"start":{"line":13,"column":4},"end":{"line":16,"column":5}}]}},"s":{"0":1,"1":1,"2":1,"3":3,"4":3,"5":3,"6":1,"7":1,"8":2,"9":5,"10":5,"11":2,"12":2,"13":3,"14":3,"15":3,"16":1},"f":{"0":3,"1":3,"2":5,"3":5,"4":2},"b":{"0":[1]}}
}
